# JRE version: OpenJDK Runtime Environment (8.0_212-b04) (build 1.8.0_212-release-1586-b04)
# Java VM: OpenJDK 64-Bit Server VM (25.212-b04 mixed mode windows-amd64 compressed oops)
Heap:
 PSYoungGen      total 271360K, used 11585K [0x00000000e0000000, 0x00000000fa280000, 0x0000000100000000)
  eden space 174080K, 6% used [0x00000000e0000000,0x00000000e0b506e0,0x00000000eaa00000)
  from space 97280K, 0% used [0x00000000eaa00000,0x00000000eaa00000,0x00000000f0900000)
  to   space 108544K, 0% used [0x00000000f3880000,0x00000000f3880000,0x00000000fa280000)
 ParOldGen       total 307200K, used 78608K [0x00000000a0000000, 0x00000000b2c00000, 0x00000000e0000000)
  object space 307200K, 25% used [0x00000000a0000000,0x00000000a4cc42c0,0x00000000b2c00000)
 Metaspace       used 96057K, capacity 98898K, committed 99112K, reserved 1134592K
  class space    used 12386K, capacity 13018K, committed 13096K, reserved 1048576K
GC Heap History (10 events):
Event: 21.320 GC heap before
{Heap before GC invocations=17 (full 3):
 PSYoungGen      total 173056K, used 173054K [0x00000000e0000000, 0x00000000efa80000, 0x0000000100000000)
  eden space 149504K, 100% used [0x00000000e0000000,0x00000000e9200000,0x00000000e9200000)
  from space 23552K, 99% used [0x00000000e9200000,0x00000000ea8ff950,0x00000000ea900000)
  to   space 39936K, 0% used [0x00000000ed380000,0x00000000ed380000,0x00000000efa80000)
 ParOldGen       total 307200K, used 78046K [0x00000000a0000000, 0x00000000b2c00000, 0x00000000e0000000)
  object space 307200K, 25% used [0x00000000a0000000,0x00000000a4c37918,0x00000000b2c00000)
 Metaspace       used 85519K, capacity 87680K, committed 87976K, reserved 1126400K
  class space    used 11144K, capacity 11663K, committed 11688K, reserved 1048576K
Event: 21.408 GC heap after
Heap after GC invocations=17 (full 3):
 PSYoungGen      total 186880K, used 39907K [0x00000000e0000000, 0x00000000f4300000, 0x0000000100000000)
  eden space 146944K, 0% used [0x00000000e0000000,0x00000000e0000000,0x00000000e8f80000)
  from space 39936K, 99% used [0x00000000ed380000,0x00000000efa78dc8,0x00000000efa80000)
  to   space 69632K, 0% used [0x00000000e8f80000,0x00000000e8f80000,0x00000000ed380000)
 ParOldGen       total 307200K, used 141867K [0x00000000a0000000, 0x00000000b2c00000, 0x00000000e0000000)
  object space 307200K, 46% used [0x00000000a0000000,0x00000000a8a8ad08,0x00000000b2c00000)
 Metaspace       used 85519K, capacity 87680K, committed 87976K, reserved 1126400K
  class space    used 11144K, capacity 11663K, committed 11688K, reserved 1048576K
}
Event: 22.953 GC heap before
{Heap before GC invocations=18 (full 3):
 PSYoungGen      total 186880K, used 186851K [0x00000000e0000000, 0x00000000f4300000, 0x0000000100000000)
  eden space 146944K, 100% used [0x00000000e0000000,0x00000000e8f80000,0x00000000e8f80000)
  from space 39936K, 99% used [0x00000000ed380000,0x00000000efa78dc8,0x00000000efa80000)
  to   space 69632K, 0% used [0x00000000e8f80000,0x00000000e8f80000,0x00000000ed380000)
 ParOldGen       total 307200K, used 141867K [0x00000000a0000000, 0x00000000b2c00000, 0x00000000e0000000)
  object space 307200K, 46% used [0x00000000a0000000,0x00000000a8a8ad08,0x00000000b2c00000)
 Metaspace       used 86783K, capacity 88928K, committed 89384K, reserved 1126400K
  class space    used 11236K, capacity 11759K, committed 11816K, reserved 1048576K
Event: 23.024 GC heap after
Heap after GC invocations=18 (full 3):
 PSYoungGen      total 216576K, used 69622K [0x00000000e0000000, 0x00000000f5900000, 0x0000000100000000)
  eden space 146944K, 0% used [0x00000000e0000000,0x00000000e0000000,0x00000000e8f80000)
  from space 69632K, 99% used [0x00000000e8f80000,0x00000000ed37db20,0x00000000ed380000)
  to   space 81920K, 0% used [0x00000000f0900000,0x00000000f0900000,0x00000000f5900000)
 ParOldGen       total 307200K, used 142931K [0x00000000a0000000, 0x00000000b2c00000, 0x00000000e0000000)
  object space 307200K, 46% used [0x00000000a0000000,0x00000000a8b94d08,0x00000000b2c00000)
 Metaspace       used 86783K, capacity 88928K, committed 89384K, reserved 1126400K
  class space    used 11236K, capacity 11759K, committed 11816K, reserved 1048576K
}
Event: 24.083 GC heap before
{Heap before GC invocations=19 (full 3):
 PSYoungGen      total 216576K, used 216566K [0x00000000e0000000, 0x00000000f5900000, 0x0000000100000000)
  eden space 146944K, 100% used [0x00000000e0000000,0x00000000e8f80000,0x00000000e8f80000)
  from space 69632K, 99% used [0x00000000e8f80000,0x00000000ed37db20,0x00000000ed380000)
  to   space 81920K, 0% used [0x00000000f0900000,0x00000000f0900000,0x00000000f5900000)
 ParOldGen       total 307200K, used 142931K [0x00000000a0000000, 0x00000000b2c00000, 0x00000000e0000000)
  object space 307200K, 46% used [0x00000000a0000000,0x00000000a8b94d08,0x00000000b2c00000)
 Metaspace       used 87578K, capacity 89866K, committed 90024K, reserved 1128448K
  class space    used 11315K, capacity 11884K, committed 11944K, reserved 1048576K
Event: 24.175 GC heap after
Heap after GC invocations=19 (full 3):
 PSYoungGen      total 256000K, used 81912K [0x00000000e0000000, 0x00000000f7c80000, 0x0000000100000000)
  eden space 174080K, 0% used [0x00000000e0000000,0x00000000e0000000,0x00000000eaa00000)
  from space 81920K, 99% used [0x00000000f0900000,0x00000000f58fe138,0x00000000f5900000)
  to   space 97280K, 0% used [0x00000000eaa00000,0x00000000eaa00000,0x00000000f0900000)
 ParOldGen       total 307200K, used 147485K [0x00000000a0000000, 0x00000000b2c00000, 0x00000000e0000000)
  object space 307200K, 48% used [0x00000000a0000000,0x00000000a90075a0,0x00000000b2c00000)
 Metaspace       used 87578K, capacity 89866K, committed 90024K, reserved 1128448K
  class space    used 11315K, capacity 11884K, committed 11944K, reserved 1048576K
}
Event: 25.658 GC heap before
{Heap before GC invocations=20 (full 3):
 PSYoungGen      total 256000K, used 207451K [0x00000000e0000000, 0x00000000f7c80000, 0x0000000100000000)
  eden space 174080K, 72% used [0x00000000e0000000,0x00000000e7a98ec0,0x00000000eaa00000)
  from space 81920K, 99% used [0x00000000f0900000,0x00000000f58fe138,0x00000000f5900000)
  to   space 97280K, 0% used [0x00000000eaa00000,0x00000000eaa00000,0x00000000f0900000)
 ParOldGen       total 307200K, used 147485K [0x00000000a0000000, 0x00000000b2c00000, 0x00000000e0000000)
  object space 307200K, 48% used [0x00000000a0000000,0x00000000a90075a0,0x00000000b2c00000)
 Metaspace       used 95690K, capacity 98490K, committed 98600K, reserved 1134592K
  class space    used 12376K, capacity 13042K, committed 13096K, reserved 1048576K
Event: 25.723 GC heap after
Heap after GC invocations=20 (full 3):
 PSYoungGen      total 271360K, used 82974K [0x00000000e0000000, 0x00000000fa280000, 0x0000000100000000)
  eden space 174080K, 0% used [0x00000000e0000000,0x00000000e0000000,0x00000000eaa00000)
  from space 97280K, 85% used [0x00000000eaa00000,0x00000000efb079a0,0x00000000f0900000)
  to   space 108544K, 0% used [0x00000000f3880000,0x00000000f3880000,0x00000000fa280000)
 ParOldGen       total 307200K, used 153248K [0x00000000a0000000, 0x00000000b2c00000, 0x00000000e0000000)
  object space 307200K, 49% used [0x00000000a0000000,0x00000000a95a8260,0x00000000b2c00000)
 Metaspace       used 95690K, capacity 98490K, committed 98600K, reserved 1134592K
  class space    used 12376K, capacity 13042K, committed 13096K, reserved 1048576K
}
Event: 25.723 GC heap before
{Heap before GC invocations=21 (full 4):
 PSYoungGen      total 271360K, used 82974K [0x00000000e0000000, 0x00000000fa280000, 0x0000000100000000)
  eden space 174080K, 0% used [0x00000000e0000000,0x00000000e0000000,0x00000000eaa00000)
  from space 97280K, 85% used [0x00000000eaa00000,0x00000000efb079a0,0x00000000f0900000)
  to   space 108544K, 0% used [0x00000000f3880000,0x00000000f3880000,0x00000000fa280000)
 ParOldGen       total 307200K, used 153248K [0x00000000a0000000, 0x00000000b2c00000, 0x00000000e0000000)
  object space 307200K, 49% used [0x00000000a0000000,0x00000000a95a8260,0x00000000b2c00000)
 Metaspace       used 95690K, capacity 98490K, committed 98600K, reserved 1134592K
  class space    used 12376K, capacity 13042K, committed 13096K, reserved 1048576K
Event: 25.983 GC heap after
Heap after GC invocations=21 (full 4):
 PSYoungGen      total 271360K, used 0K [0x00000000e0000000, 0x00000000fa280000, 0x0000000100000000)
  eden space 174080K, 0% used [0x00000000e0000000,0x00000000e0000000,0x00000000eaa00000)
  from space 97280K, 0% used [0x00000000eaa00000,0x00000000eaa00000,0x00000000f0900000)
  to   space 108544K, 0% used [0x00000000f3880000,0x00000000f3880000,0x00000000fa280000)
 ParOldGen       total 307200K, used 78608K [0x00000000a0000000, 0x00000000b2c00000, 0x00000000e0000000)
  object space 307200K, 25% used [0x00000000a0000000,0x00000000a4cc42c0,0x00000000b2c00000)
 Metaspace       used 95474K, capacity 97970K, committed 98600K, reserved 1134592K
  class space    used 12300K, capacity 12910K, committed 13096K, reserved 1048576K
}

